<?xml version="1.0" encoding="UTF-8"?>
<!-- Generated by org.testng.reporters.JUnitReportReporter -->
<testsuite skipped="0" hostname="DESKTOP-DGRG6U0" name="helloWorld.TestHelloWorld" tests="1" failures="0" timestamp="04 Jan 2022 16:35:02 GMT" time="0.015" errors="0">
  <testcase name="testHelloWorld" time="0.015" classname="helloWorld.TestHelloWorld"/>
</testsuite> <!-- helloWorld.TestHelloWorld -->
