<?xml version="1.0" encoding="UTF-8"?>
<!-- Generated by org.testng.reporters.JUnitReportReporter -->
<testsuite skipped="0" hostname="DESKTOP-DGRG6U0" name="helloWorld.TestHelloWorld" tests="1" failures="0" timestamp="26 Oct 2021 15:46:35 GMT" time="0.009" errors="0">
  <testcase name="testHelloWorld" time="0.009" classname="helloWorld.TestHelloWorld"/>
</testsuite> <!-- helloWorld.TestHelloWorld -->
